This is pdfTeX, Version 3.14159265-2.6-1.40.19 (TeX Live 2018) (preloaded format=pdflatex 2018.4.16)  10 JUL 2020 16:37
entering extended mode
 restricted \write18 enabled.
 %&-line parsing enabled.
**DiffusionSolver.tex
(./DiffusionSolver.tex
LaTeX2e <2018-04-01> patch level 2
Babel <3.18> and hyphenation patterns for 84 language(s) loaded.
(/usr/local/texlive/2018/texmf-dist/tex/latex/base/article.cls
Document Class: article 2014/09/29 v1.4h Standard LaTeX document class
(/usr/local/texlive/2018/texmf-dist/tex/latex/base/size11.clo
File: size11.clo 2014/09/29 v1.4h Standard LaTeX file (size option)
)
\c@part=\count80
\c@section=\count81
\c@subsection=\count82
\c@subsubsection=\count83
\c@paragraph=\count84
\c@subparagraph=\count85
\c@figure=\count86
\c@table=\count87
\abovecaptionskip=\skip41
\belowcaptionskip=\skip42
\bibindent=\dimen102
)
(/usr/local/texlive/2018/texmf-dist/tex/latex/fancyhdr/fancyhdr.sty
Package: fancyhdr 2017/06/30 v3.9a Extensive control of page headers and footer
s
\f@nch@headwidth=\skip43
\f@nch@O@elh=\skip44
\f@nch@O@erh=\skip45
\f@nch@O@olh=\skip46
\f@nch@O@orh=\skip47
\f@nch@O@elf=\skip48
\f@nch@O@erf=\skip49
\f@nch@O@olf=\skip50
\f@nch@O@orf=\skip51
)
(/usr/local/texlive/2018/texmf-dist/tex/latex/geometry/geometry.sty
Package: geometry 2018/03/24 v5.7 Page Geometry

(/usr/local/texlive/2018/texmf-dist/tex/latex/graphics/keyval.sty
Package: keyval 2014/10/28 v1.15 key=value parser (DPC)
\KV@toks@=\toks14
)
(/usr/local/texlive/2018/texmf-dist/tex/generic/oberdiek/ifpdf.sty
Package: ifpdf 2017/03/15 v3.2 Provides the ifpdf switch
)
(/usr/local/texlive/2018/texmf-dist/tex/generic/oberdiek/ifvtex.sty
Package: ifvtex 2016/05/16 v1.6 Detect VTeX and its facilities (HO)
Package ifvtex Info: VTeX not detected.
)
(/usr/local/texlive/2018/texmf-dist/tex/generic/ifxetex/ifxetex.sty
Package: ifxetex 2010/09/12 v0.6 Provides ifxetex conditional
)
\Gm@cnth=\count88
\Gm@cntv=\count89
\c@Gm@tempcnt=\count90
\Gm@bindingoffset=\dimen103
\Gm@wd@mp=\dimen104
\Gm@odd@mp=\dimen105
\Gm@even@mp=\dimen106
\Gm@layoutwidth=\dimen107
\Gm@layoutheight=\dimen108
\Gm@layouthoffset=\dimen109
\Gm@layoutvoffset=\dimen110
\Gm@dimlist=\toks15
)
(/usr/local/texlive/2018/texmf-dist/tex/latex/lastpage/lastpage.sty
Package: lastpage 2015/03/29 v1.2m Refers to last page's name (HMM; JPG)
)
(/usr/local/texlive/2018/texmf-dist/tex/latex/titleref/titleref.sty
Package: titleref 2001/04/05 v3.1  Cross-references with titles.
)
(/usr/local/texlive/2018/texmf-dist/tex/latex/booktabs/booktabs.sty
Package: booktabs 2016/04/27 v1.618033 publication quality tables
\heavyrulewidth=\dimen111
\lightrulewidth=\dimen112
\cmidrulewidth=\dimen113
\belowrulesep=\dimen114
\belowbottomsep=\dimen115
\aboverulesep=\dimen116
\abovetopsep=\dimen117
\cmidrulesep=\dimen118
\cmidrulekern=\dimen119
\defaultaddspace=\dimen120
\@cmidla=\count91
\@cmidlb=\count92
\@aboverulesep=\dimen121
\@belowrulesep=\dimen122
\@thisruleclass=\count93
\@lastruleclass=\count94
\@thisrulewidth=\dimen123
)
(/usr/local/texlive/2018/texmf-dist/tex/latex/appendix/appendix.sty
Package: appendix 2009/09/02 v1.2b extra appendix facilities
\c@@pps=\count95
\c@@ppsavesec=\count96
\c@@ppsaveapp=\count97
)
(/usr/local/texlive/2018/texmf-dist/tex/latex/stmaryrd/stmaryrd.sty
Package: stmaryrd 1994/03/03 St Mary's Road symbol package
\symstmry=\mathgroup4
LaTeX Font Info:    Overwriting symbol font `stmry' in version `bold'
(Font)                  U/stmry/m/n --> U/stmry/b/n on input line 89.
)
(/usr/local/texlive/2018/texmf-dist/tex/latex/tocloft/tocloft.sty
Package: tocloft 2017/08/31 v2.3i parameterised ToC, etc., typesetting
Package tocloft Info: The document has section divisions on input line 51.
\cftparskip=\skip52
\cftbeforetoctitleskip=\skip53
\cftaftertoctitleskip=\skip54
\cftbeforepartskip=\skip55
\cftpartnumwidth=\skip56
\cftpartindent=\skip57
\cftbeforesecskip=\skip58
\cftsecindent=\skip59
\cftsecnumwidth=\skip60
\cftbeforesubsecskip=\skip61
\cftsubsecindent=\skip62
\cftsubsecnumwidth=\skip63
\cftbeforesubsubsecskip=\skip64
\cftsubsubsecindent=\skip65
\cftsubsubsecnumwidth=\skip66
\cftbeforeparaskip=\skip67
\cftparaindent=\skip68
\cftparanumwidth=\skip69
\cftbeforesubparaskip=\skip70
\cftsubparaindent=\skip71
\cftsubparanumwidth=\skip72
\cftbeforeloftitleskip=\skip73
\cftafterloftitleskip=\skip74
\cftbeforefigskip=\skip75
\cftfigindent=\skip76
\cftfignumwidth=\skip77
\c@lofdepth=\count98
\c@lotdepth=\count99
\cftbeforelottitleskip=\skip78
\cftafterlottitleskip=\skip79
\cftbeforetabskip=\skip80
\cfttabindent=\skip81
\cfttabnumwidth=\skip82
)
(/usr/local/texlive/2018/texmf-dist/tex/latex/caption/caption.sty
Package: caption 2016/02/21 v3.3-144 Customizing captions (AR)

(/usr/local/texlive/2018/texmf-dist/tex/latex/caption/caption3.sty
Package: caption3 2016/05/22 v1.7-166 caption3 kernel (AR)
Package caption3 Info: TeX engine: e-TeX on input line 67.
\captionmargin=\dimen124
\captionmargin@=\dimen125
\captionwidth=\dimen126
\caption@tempdima=\dimen127
\caption@indent=\dimen128
\caption@parindent=\dimen129
\caption@hangindent=\dimen130
)
\c@ContinuedFloat=\count100
)
\mylenf=\skip83

(/usr/local/texlive/2018/texmf-dist/tex/latex/graphics/graphicx.sty
Package: graphicx 2017/06/01 v1.1a Enhanced LaTeX Graphics (DPC,SPQR)

(/usr/local/texlive/2018/texmf-dist/tex/latex/graphics/graphics.sty
Package: graphics 2017/06/25 v1.2c Standard LaTeX Graphics (DPC,SPQR)

(/usr/local/texlive/2018/texmf-dist/tex/latex/graphics/trig.sty
Package: trig 2016/01/03 v1.10 sin cos tan (DPC)
)
(/usr/local/texlive/2018/texmf-dist/tex/latex/graphics-cfg/graphics.cfg
File: graphics.cfg 2016/06/04 v1.11 sample graphics configuration
)
Package graphics Info: Driver file: pdftex.def on input line 99.

(/usr/local/texlive/2018/texmf-dist/tex/latex/graphics-def/pdftex.def
File: pdftex.def 2018/01/08 v1.0l Graphics/color driver for pdftex
))
\Gin@req@height=\dimen131
\Gin@req@width=\dimen132
)
(/usr/local/texlive/2018/texmf-dist/tex/latex/truncate/truncate.sty
Package: truncate 2001/08/20  ver 3.6
\@Trunc@RestHyph=\toks16
)
(/usr/local/texlive/2018/texmf-dist/tex/latex/float/float.sty
Package: float 2001/11/08 v1.3d Float enhancements (AL)
\c@float@type=\count101
\float@exts=\toks17
\float@box=\box26
\@float@everytoks=\toks18
\@floatcapt=\box27
)
(/usr/local/texlive/2018/texmf-dist/tex/latex/tools/array.sty
Package: array 2018/04/07 v2.4g Tabular extension package (FMi)
\col@sep=\dimen133
\ar@mcellbox=\box28
\extrarowheight=\dimen134
\NC@list=\toks19
\extratabsurround=\skip84
\backup@length=\skip85
\ar@cellbox=\box29
)
(/usr/local/texlive/2018/texmf-dist/tex/latex/amsmath/amsmath.sty
Package: amsmath 2017/09/02 v2.17a AMS math features
\@mathmargin=\skip86

For additional information on amsmath, use the `?' option.
(/usr/local/texlive/2018/texmf-dist/tex/latex/amsmath/amstext.sty
Package: amstext 2000/06/29 v2.01 AMS text

(/usr/local/texlive/2018/texmf-dist/tex/latex/amsmath/amsgen.sty
File: amsgen.sty 1999/11/30 v2.0 generic functions
\@emptytoks=\toks20
\ex@=\dimen135
))
(/usr/local/texlive/2018/texmf-dist/tex/latex/amsmath/amsbsy.sty
Package: amsbsy 1999/11/29 v1.2d Bold Symbols
\pmbraise@=\dimen136
)
(/usr/local/texlive/2018/texmf-dist/tex/latex/amsmath/amsopn.sty
Package: amsopn 2016/03/08 v2.02 operator names
)
\inf@bad=\count102
LaTeX Info: Redefining \frac on input line 213.
\uproot@=\count103
\leftroot@=\count104
LaTeX Info: Redefining \overline on input line 375.
\classnum@=\count105
\DOTSCASE@=\count106
LaTeX Info: Redefining \ldots on input line 472.
LaTeX Info: Redefining \dots on input line 475.
LaTeX Info: Redefining \cdots on input line 596.
\Mathstrutbox@=\box30
\strutbox@=\box31
\big@size=\dimen137
LaTeX Font Info:    Redeclaring font encoding OML on input line 712.
LaTeX Font Info:    Redeclaring font encoding OMS on input line 713.
\macc@depth=\count107
\c@MaxMatrixCols=\count108
\dotsspace@=\muskip10
\c@parentequation=\count109
\dspbrk@lvl=\count110
\tag@help=\toks21
\row@=\count111
\column@=\count112
\maxfields@=\count113
\andhelp@=\toks22
\eqnshift@=\dimen138
\alignsep@=\dimen139
\tagshift@=\dimen140
\tagwidth@=\dimen141
\totwidth@=\dimen142
\lineht@=\dimen143
\@envbody=\toks23
\multlinegap=\skip87
\multlinetaggap=\skip88
\mathdisplay@stack=\toks24
LaTeX Info: Redefining \[ on input line 2817.
LaTeX Info: Redefining \] on input line 2818.
)
(/usr/local/texlive/2018/texmf-dist/tex/latex/mdframed/mdframed.sty
Package: mdframed 2013/07/01 1.9b: mdframed

(/usr/local/texlive/2018/texmf-dist/tex/latex/oberdiek/kvoptions.sty
Package: kvoptions 2016/05/16 v3.12 Key value format for package options (HO)

(/usr/local/texlive/2018/texmf-dist/tex/generic/oberdiek/ltxcmds.sty
Package: ltxcmds 2016/05/16 v1.23 LaTeX kernel commands for general use (HO)
)
(/usr/local/texlive/2018/texmf-dist/tex/generic/oberdiek/kvsetkeys.sty
Package: kvsetkeys 2016/05/16 v1.17 Key value parser (HO)

(/usr/local/texlive/2018/texmf-dist/tex/generic/oberdiek/infwarerr.sty
Package: infwarerr 2016/05/16 v1.4 Providing info/warning/error messages (HO)
)
(/usr/local/texlive/2018/texmf-dist/tex/generic/oberdiek/etexcmds.sty
Package: etexcmds 2016/05/16 v1.6 Avoid name clashes with e-TeX commands (HO)

(/usr/local/texlive/2018/texmf-dist/tex/generic/oberdiek/ifluatex.sty
Package: ifluatex 2016/05/16 v1.4 Provides the ifluatex switch (HO)
Package ifluatex Info: LuaTeX not detected.
)
Package etexcmds Info: Could not find \expanded.
(etexcmds)             That can mean that you are not using pdfTeX 1.50 or
(etexcmds)             that some package has redefined \expanded.
(etexcmds)             In the latter case, load this package earlier.
)))
(/usr/local/texlive/2018/texmf-dist/tex/latex/l3packages/xparse/xparse.sty
(/usr/local/texlive/2018/texmf-dist/tex/latex/l3kernel/expl3.sty
Package: expl3 2018/03/05 L3 programming layer (loader) 

(/usr/local/texlive/2018/texmf-dist/tex/latex/l3kernel/expl3-code.tex
Package: expl3 2018/03/05 L3 programming layer (code)
\c_max_int=\count114
\l_tmpa_int=\count115
\l_tmpb_int=\count116
\g_tmpa_int=\count117
\g_tmpb_int=\count118
\g__intarray_font_int=\count119
\g__prg_map_int=\count120
\c_log_iow=\count121
\l_iow_line_count_int=\count122
\l__iow_line_target_int=\count123
\l__iow_one_indent_int=\count124
\l__iow_indent_int=\count125
\c_zero_dim=\dimen144
\c_max_dim=\dimen145
\l_tmpa_dim=\dimen146
\l_tmpb_dim=\dimen147
\g_tmpa_dim=\dimen148
\g_tmpb_dim=\dimen149
\c_zero_skip=\skip89
\c_max_skip=\skip90
\l_tmpa_skip=\skip91
\l_tmpb_skip=\skip92
\g_tmpa_skip=\skip93
\g_tmpb_skip=\skip94
\c_zero_muskip=\muskip11
\c_max_muskip=\muskip12
\l_tmpa_muskip=\muskip13
\l_tmpb_muskip=\muskip14
\g_tmpa_muskip=\muskip15
\g_tmpb_muskip=\muskip16
\l_keys_choice_int=\count126
\c__fp_leading_shift_int=\count127
\c__fp_middle_shift_int=\count128
\c__fp_trailing_shift_int=\count129
\c__fp_big_leading_shift_int=\count130
\c__fp_big_middle_shift_int=\count131
\c__fp_big_trailing_shift_int=\count132
\c__fp_Bigg_leading_shift_int=\count133
\c__fp_Bigg_middle_shift_int=\count134
\c__fp_Bigg_trailing_shift_int=\count135
\c__fp_rand_size_int=\count136
\c__fp_rand_four_int=\count137
\c__fp_rand_eight_int=\count138
\l__sort_length_int=\count139
\l__sort_min_int=\count140
\l__sort_top_int=\count141
\l__sort_max_int=\count142
\l__sort_true_max_int=\count143
\l__sort_block_int=\count144
\l__sort_begin_int=\count145
\l__sort_end_int=\count146
\l__sort_A_int=\count147
\l__sort_B_int=\count148
\l__sort_C_int=\count149
\l__tl_build_start_index_int=\count150
\l__tl_build_index_int=\count151
\l__tl_analysis_normal_int=\count152
\l__tl_analysis_index_int=\count153
\l__tl_analysis_nesting_int=\count154
\l__tl_analysis_type_int=\count155
\l__regex_internal_a_int=\count156
\l__regex_internal_b_int=\count157
\l__regex_internal_c_int=\count158
\l__regex_balance_int=\count159
\l__regex_group_level_int=\count160
\l__regex_mode_int=\count161
\c__regex_cs_in_class_mode_int=\count162
\c__regex_cs_mode_int=\count163
\l__regex_catcodes_int=\count164
\l__regex_default_catcodes_int=\count165
\c__regex_catcode_D_int=\count166
\c__regex_catcode_S_int=\count167
\c__regex_catcode_L_int=\count168
\c__regex_catcode_O_int=\count169
\c__regex_catcode_A_int=\count170
\c__regex_all_catcodes_int=\count171
\l__regex_show_lines_int=\count172
\l__regex_min_state_int=\count173
\l__regex_max_state_int=\count174
\l__regex_left_state_int=\count175
\l__regex_right_state_int=\count176
\l__regex_capturing_group_int=\count177
\l__regex_min_pos_int=\count178
\l__regex_max_pos_int=\count179
\l__regex_curr_pos_int=\count180
\l__regex_start_pos_int=\count181
\l__regex_success_pos_int=\count182
\l__regex_curr_char_int=\count183
\l__regex_curr_catcode_int=\count184
\l__regex_last_char_int=\count185
\l__regex_case_changed_char_int=\count186
\l__regex_curr_state_int=\count187
\l__regex_step_int=\count188
\l__regex_min_active_int=\count189
\l__regex_max_active_int=\count190
\l__regex_replacement_csnames_int=\count191
\l__regex_match_count_int=\count192
\l__regex_min_submatch_int=\count193
\l__regex_submatch_int=\count194
\l__regex_zeroth_submatch_int=\count195
\g__regex_trace_regex_int=\count196
\c_empty_box=\box32
\l_tmpa_box=\box33
\l_tmpb_box=\box34
\g_tmpa_box=\box35
\g_tmpb_box=\box36
\l__box_top_dim=\dimen150
\l__box_bottom_dim=\dimen151
\l__box_left_dim=\dimen152
\l__box_right_dim=\dimen153
\l__box_top_new_dim=\dimen154
\l__box_bottom_new_dim=\dimen155
\l__box_left_new_dim=\dimen156
\l__box_right_new_dim=\dimen157
\l__box_internal_box=\box37
\l__coffin_internal_box=\box38
\l__coffin_internal_dim=\dimen158
\l__coffin_offset_x_dim=\dimen159
\l__coffin_offset_y_dim=\dimen160
\l__coffin_x_dim=\dimen161
\l__coffin_y_dim=\dimen162
\l__coffin_x_prime_dim=\dimen163
\l__coffin_y_prime_dim=\dimen164
\c_empty_coffin=\box39
\l__coffin_aligned_coffin=\box40
\l__coffin_aligned_internal_coffin=\box41
\l_tmpa_coffin=\box42
\l_tmpb_coffin=\box43
\l__coffin_display_coffin=\box44
\l__coffin_display_coord_coffin=\box45
\l__coffin_display_pole_coffin=\box46
\l__coffin_display_offset_dim=\dimen165
\l__coffin_display_x_dim=\dimen166
\l__coffin_display_y_dim=\dimen167
\l__coffin_bounding_shift_dim=\dimen168
\l__coffin_left_corner_dim=\dimen169
\l__coffin_right_corner_dim=\dimen170
\l__coffin_bottom_corner_dim=\dimen171
\l__coffin_top_corner_dim=\dimen172
\l__coffin_scaled_total_height_dim=\dimen173
\l__coffin_scaled_width_dim=\dimen174
)
(/usr/local/texlive/2018/texmf-dist/tex/latex/l3kernel/l3pdfmode.def
File: l3pdfmode.def 2017/03/18 v L3 Experimental driver: PDF mode
\l__driver_color_stack_int=\count197
))
Package: xparse 2018/02/21 L3 Experimental document command parser
\l__xparse_current_arg_int=\count198
\g__xparse_grabber_int=\count199
\l__xparse_m_args_int=\count266
\l__xparse_mandatory_args_int=\count267
\l__xparse_v_nesting_int=\count268
)
(/usr/local/texlive/2018/texmf-dist/tex/latex/etoolbox/etoolbox.sty
Package: etoolbox 2018/02/11 v2.5e e-TeX tools for LaTeX (JAW)
\etb@tempcnta=\count269
)
(/usr/local/texlive/2018/texmf-dist/tex/latex/oberdiek/zref-abspage.sty
Package: zref-abspage 2016/05/21 v2.26 Module abspage for zref (HO)

(/usr/local/texlive/2018/texmf-dist/tex/latex/oberdiek/zref-base.sty
Package: zref-base 2016/05/21 v2.26 Module base for zref (HO)

(/usr/local/texlive/2018/texmf-dist/tex/generic/oberdiek/kvdefinekeys.sty
Package: kvdefinekeys 2016/05/16 v1.4 Define keys (HO)
)
(/usr/local/texlive/2018/texmf-dist/tex/generic/oberdiek/pdftexcmds.sty
Package: pdftexcmds 2018/01/30 v0.27 Utility functions of pdfTeX for LuaTeX (HO
)
Package pdftexcmds Info: LuaTeX not detected.
Package pdftexcmds Info: \pdf@primitive is available.
Package pdftexcmds Info: \pdf@ifprimitive is available.
Package pdftexcmds Info: \pdfdraftmode found.
)
(/usr/local/texlive/2018/texmf-dist/tex/latex/oberdiek/auxhook.sty
Package: auxhook 2016/05/16 v1.4 Hooks for auxiliary files (HO)
)
Package zref Info: New property list: main on input line 759.
Package zref Info: New property: default on input line 760.
Package zref Info: New property: page on input line 761.
)
(/usr/local/texlive/2018/texmf-dist/tex/generic/oberdiek/atbegshi.sty
Package: atbegshi 2016/06/09 v1.18 At begin shipout hook (HO)
)
\c@abspage=\count270
Package zref Info: New property: abspage on input line 62.
)
(/usr/local/texlive/2018/texmf-dist/tex/latex/needspace/needspace.sty
Package: needspace 2010/09/12 v1.3d reserve vertical space
)
(/usr/local/texlive/2018/texmf-dist/tex/latex/graphics/color.sty
Package: color 2016/07/10 v1.1e Standard LaTeX Color (DPC)

(/usr/local/texlive/2018/texmf-dist/tex/latex/graphics-cfg/color.cfg
File: color.cfg 2016/01/02 v1.6 sample color configuration
)
Package color Info: Driver file: pdftex.def on input line 147.
)
\mdf@templength=\skip95
\c@mdf@globalstyle@cnt=\count271
\mdf@skipabove@length=\skip96
\mdf@skipbelow@length=\skip97
\mdf@leftmargin@length=\skip98
\mdf@rightmargin@length=\skip99
\mdf@innerleftmargin@length=\skip100
\mdf@innerrightmargin@length=\skip101
\mdf@innertopmargin@length=\skip102
\mdf@innerbottommargin@length=\skip103
\mdf@splittopskip@length=\skip104
\mdf@splitbottomskip@length=\skip105
\mdf@outermargin@length=\skip106
\mdf@innermargin@length=\skip107
\mdf@linewidth@length=\skip108
\mdf@innerlinewidth@length=\skip109
\mdf@middlelinewidth@length=\skip110
\mdf@outerlinewidth@length=\skip111
\mdf@roundcorner@length=\skip112
\mdf@footenotedistance@length=\skip113
\mdf@userdefinedwidth@length=\skip114
\mdf@needspace@length=\skip115
\mdf@frametitleaboveskip@length=\skip116
\mdf@frametitlebelowskip@length=\skip117
\mdf@frametitlerulewidth@length=\skip118
\mdf@frametitleleftmargin@length=\skip119
\mdf@frametitlerightmargin@length=\skip120
\mdf@shadowsize@length=\skip121
\mdf@extratopheight@length=\skip122
\mdf@subtitleabovelinewidth@length=\skip123
\mdf@subtitlebelowlinewidth@length=\skip124
\mdf@subtitleaboveskip@length=\skip125
\mdf@subtitlebelowskip@length=\skip126
\mdf@subtitleinneraboveskip@length=\skip127
\mdf@subtitleinnerbelowskip@length=\skip128
\mdf@subsubtitleabovelinewidth@length=\skip129
\mdf@subsubtitlebelowlinewidth@length=\skip130
\mdf@subsubtitleaboveskip@length=\skip131
\mdf@subsubtitlebelowskip@length=\skip132
\mdf@subsubtitleinneraboveskip@length=\skip133
\mdf@subsubtitleinnerbelowskip@length=\skip134

(/usr/local/texlive/2018/texmf-dist/tex/latex/mdframed/md-frame-0.mdf
File: md-frame-0.mdf 2013/07/01\ 1.9b: md-frame-0
)
\mdf@frametitlebox=\box47
\mdf@footnotebox=\box48
\mdf@splitbox@one=\box49
\mdf@splitbox@two=\box50
\mdf@splitbox@save=\box51
\mdfsplitboxwidth=\skip135
\mdfsplitboxtotalwidth=\skip136
\mdfsplitboxheight=\skip137
\mdfsplitboxdepth=\skip138
\mdfsplitboxtotalheight=\skip139
\mdfframetitleboxwidth=\skip140
\mdfframetitleboxtotalwidth=\skip141
\mdfframetitleboxheight=\skip142
\mdfframetitleboxdepth=\skip143
\mdfframetitleboxtotalheight=\skip144
\mdffootnoteboxwidth=\skip145
\mdffootnoteboxtotalwidth=\skip146
\mdffootnoteboxheight=\skip147
\mdffootnoteboxdepth=\skip148
\mdffootnoteboxtotalheight=\skip149
\mdftotallinewidth=\skip150
\mdfboundingboxwidth=\skip151
\mdfboundingboxtotalwidth=\skip152
\mdfboundingboxheight=\skip153
\mdfboundingboxdepth=\skip154
\mdfboundingboxtotalheight=\skip155
\mdf@freevspace@length=\skip156
\mdf@horizontalwidthofbox@length=\skip157
\mdf@verticalmarginwhole@length=\skip158
\mdf@horizontalspaceofbox=\skip159
\mdfsubtitleheight=\skip160
\mdfsubsubtitleheight=\skip161
\c@mdfcountframes=\count272

****** mdframed patching \endmdf@trivlist

****** -- success******

.................................................
. LaTeX info: "xparse/define-command"
. 
. Defining command \newmdtheoremenv with sig. 'O{} m o m o ' on line 601.
.................................................
.................................................
. LaTeX info: "xparse/define-command"
. 
. Defining command \mdtheorem with sig. ' O{} m o m o ' on line 701.
.................................................
\mdf@envdepth=\count273
\c@mdf@env@i=\count274
\c@mdf@env@ii=\count275
\c@mdf@zref@counter=\count276
Package zref Info: New property: mdf@pagevalue on input line 895.
)
(/usr/local/texlive/2018/texmf-dist/tex/latex/fancyvrb/fancyvrb.sty
Package: fancyvrb 2008/02/07

Style option: `fancyvrb' v2.7a, with DG/SPQR fixes, and firstline=lastline fix 
<2008/02/07> (tvz)
\FV@CodeLineNo=\count277
\FV@InFile=\read1
\FV@TabBox=\box52
\c@FancyVerbLine=\count278
\FV@StepNumber=\count279
\FV@OutFile=\write3
)
(/usr/local/texlive/2018/texmf-dist/tex/latex/cancel/cancel.sty
Package: cancel 2013/04/12 v2.2 Cancel math terms
)
(/usr/local/texlive/2018/texmf-dist/tex/latex/amsfonts/amssymb.sty
Package: amssymb 2013/01/14 v3.01 AMS font symbols

(/usr/local/texlive/2018/texmf-dist/tex/latex/amsfonts/amsfonts.sty
Package: amsfonts 2013/01/14 v3.01 Basic AMSFonts support
\symAMSa=\mathgroup5
\symAMSb=\mathgroup6
LaTeX Font Info:    Overwriting math alphabet `\mathfrak' in version `bold'
(Font)                  U/euf/m/n --> U/euf/b/n on input line 106.
)
LaTeX Font Info:    Redeclaring math symbol \boxdot on input line 44.
)
(/usr/local/texlive/2018/texmf-dist/tex/latex/xcolor/xcolor.sty
Package: xcolor 2016/05/11 v2.12 LaTeX color extensions (UK)

(/usr/local/texlive/2018/texmf-dist/tex/latex/graphics-cfg/color.cfg
File: color.cfg 2016/01/02 v1.6 sample color configuration
)
Package xcolor Info: Package option `usenames' ignored on input line 216.
Package xcolor Info: Driver file: pdftex.def on input line 225.

(/usr/local/texlive/2018/texmf-dist/tex/latex/colortbl/colortbl.sty
Package: colortbl 2012/02/13 v1.0a Color table columns (DPC)
\everycr=\toks25
\minrowclearance=\skip162
)
LaTeX Info: Redefining \color on input line 709.
\rownum=\count280
Package xcolor Info: Model `cmy' substituted by `cmy0' on input line 1348.
Package xcolor Info: Model `hsb' substituted by `rgb' on input line 1352.
Package xcolor Info: Model `RGB' extended on input line 1364.
Package xcolor Info: Model `HTML' substituted by `rgb' on input line 1366.
Package xcolor Info: Model `Hsb' substituted by `hsb' on input line 1367.
Package xcolor Info: Model `tHsb' substituted by `hsb' on input line 1368.
Package xcolor Info: Model `HSB' substituted by `hsb' on input line 1369.
Package xcolor Info: Model `Gray' substituted by `gray' on input line 1370.
Package xcolor Info: Model `wave' substituted by `hsb' on input line 1371.

(/usr/local/texlive/2018/texmf-dist/tex/latex/graphics/dvipsnam.def
File: dvipsnam.def 2016/06/17 v3.0m Driver-dependent file (DPC,SPQR)
)
(/usr/local/texlive/2018/texmf-dist/tex/latex/xcolor/svgnam.def
File: svgnam.def 2016/05/11 v2.12 Predefined colors according to SVG 1.1 (UK)
))
(/usr/local/texlive/2018/texmf-dist/tex/latex/nowidow/nowidow.sty
Package: nowidow 2011/09/20 1.0 Easily prevent widows and orphans
Package: nowidow 
)
(/usr/local/texlive/2018/texmf-dist/tex/latex/listings/listings.sty
\lst@mode=\count281
\lst@gtempboxa=\box53
\lst@token=\toks26
\lst@length=\count282
\lst@currlwidth=\dimen175
\lst@column=\count283
\lst@pos=\count284
\lst@lostspace=\dimen176
\lst@width=\dimen177
\lst@newlines=\count285
\lst@lineno=\count286
\lst@maxwidth=\dimen178

(/usr/local/texlive/2018/texmf-dist/tex/latex/listings/lstmisc.sty
File: lstmisc.sty 2015/06/04 1.6 (Carsten Heinz)
\c@lstnumber=\count287
\lst@skipnumbers=\count288
\lst@framebox=\box54
)
(/usr/local/texlive/2018/texmf-dist/tex/latex/listings/listings.cfg
File: listings.cfg 2015/06/04 1.6 listings configuration
))
Package: listings 2015/06/04 1.6 (Carsten Heinz)

(/usr/local/texlive/2018/texmf-dist/tex/latex/oberdiek/pdflscape.sty
Package: pdflscape 2016/05/14 v0.11 Display of landscape pages in PDF (HO)

(/usr/local/texlive/2018/texmf-dist/tex/latex/graphics/lscape.sty
Package: lscape 2000/10/22 v3.01 Landscape Pages (DPC)
)
Package pdflscape Info: Auto-detected driver: pdftex on input line 81.
)
(/usr/local/texlive/2018/texmf-dist/tex/latex/relsize/relsize.sty
Package: relsize 2013/03/29 ver 4.1
)
(/usr/local/texlive/2018/texmf-dist/tex/latex/tools/verbatim.sty
Package: verbatim 2014/10/28 v1.5q LaTeX2e package for verbatim enhancements
\every@verbatim=\toks27
\verbatim@line=\toks28
\verbatim@in@stream=\read2
)
(/usr/local/texlive/2018/texmf-dist/tex/latex/tabto-ltx/tabto.sty
Package: tabto 2013/03/25  v 1.3  Another tabbing mechanism
\CurrentLineWidth=\dimen179
)
(/usr/local/texlive/2018/texmf-dist/tex/latex/was/upgreek.sty
Package: upgreek 2003/02/12 v2.0 (WaS)
Package upgreek Info: Using Euler Roman for upright Greek on input line 31.
\symugrf@m=\mathgroup7
LaTeX Font Info:    Overwriting symbol font `ugrf@m' in version `bold'
(Font)                  U/eur/m/n --> U/eur/b/n on input line 38.
)
(/usr/local/texlive/2018/texmf-dist/tex/latex/enumitem/enumitem.sty
Package: enumitem 2011/09/28 v3.5.2 Customized lists
\labelindent=\skip163
\enit@outerparindent=\dimen180
\enit@toks=\toks29
\enit@inbox=\box55
\enitdp@description=\count289
)
(/usr/local/texlive/2018/texmf-dist/tex/latex/mathtools/mathtools.sty
Package: mathtools 2018/01/08 v1.21 mathematical typesetting tools

(/usr/local/texlive/2018/texmf-dist/tex/latex/tools/calc.sty
Package: calc 2017/05/25 v4.3 Infix arithmetic (KKT,FJ)
\calc@Acount=\count290
\calc@Bcount=\count291
\calc@Adimen=\dimen181
\calc@Bdimen=\dimen182
\calc@Askip=\skip164
\calc@Bskip=\skip165
LaTeX Info: Redefining \setlength on input line 80.
LaTeX Info: Redefining \addtolength on input line 81.
\calc@Ccount=\count292
\calc@Cskip=\skip166
)
(/usr/local/texlive/2018/texmf-dist/tex/latex/mathtools/mhsetup.sty
Package: mhsetup 2017/03/31 v1.3 programming setup (MH)
)
LaTeX Info: Thecontrolsequence`\('isalreadyrobust on input line 129.
LaTeX Info: Thecontrolsequence`\)'isalreadyrobust on input line 129.
LaTeX Info: Thecontrolsequence`\['isalreadyrobust on input line 129.
LaTeX Info: Thecontrolsequence`\]'isalreadyrobust on input line 129.
\g_MT_multlinerow_int=\count293
\l_MT_multwidth_dim=\dimen183
\origjot=\skip167
\l_MT_shortvdotswithinadjustabove_dim=\dimen184
\l_MT_shortvdotswithinadjustbelow_dim=\dimen185
\l_MT_above_intertext_sep=\dimen186
\l_MT_below_intertext_sep=\dimen187
\l_MT_above_shortintertext_sep=\dimen188
\l_MT_below_shortintertext_sep=\dimen189
)
(/usr/local/texlive/2018/texmf-dist/tex/latex/listings/lstlang1.sty
File: lstlang1.sty 2015/06/04 1.6 listings language file
)
(/usr/local/texlive/2018/texmf-dist/tex/latex/listings/lstlang1.sty
File: lstlang1.sty 2015/06/04 1.6 listings language file
)
(/usr/local/texlive/2018/texmf-dist/tex/latex/listings/lstmisc.sty
File: lstmisc.sty 2015/06/04 1.6 (Carsten Heinz)
)
(./DiffusionSolver.aux)
\openout1 = `DiffusionSolver.aux'.

LaTeX Font Info:    Checking defaults for OML/cmm/m/it on input line 119.
LaTeX Font Info:    ... okay on input line 119.
LaTeX Font Info:    Checking defaults for T1/cmr/m/n on input line 119.
LaTeX Font Info:    ... okay on input line 119.
LaTeX Font Info:    Checking defaults for OT1/cmr/m/n on input line 119.
LaTeX Font Info:    ... okay on input line 119.
LaTeX Font Info:    Checking defaults for OMS/cmsy/m/n on input line 119.
LaTeX Font Info:    ... okay on input line 119.
LaTeX Font Info:    Checking defaults for OMX/cmex/m/n on input line 119.
LaTeX Font Info:    ... okay on input line 119.
LaTeX Font Info:    Checking defaults for U/cmr/m/n on input line 119.
LaTeX Font Info:    ... okay on input line 119.

*geometry* driver: auto-detecting
*geometry* detected driver: pdftex
*geometry* verbose mode - [ preamble ] result:
* driver: pdftex
* paper: letterpaper
* layout: <same size as paper>
* layoutoffset:(h,v)=(0.0pt,0.0pt)
* modes: 
* h-part:(L,W,R)=(54.2025pt, 505.89pt, 54.2025pt)
* v-part:(T,H,B)=(95.39737pt, 627.30263pt, 72.26999pt)
* \paperwidth=614.295pt
* \paperheight=794.96999pt
* \textwidth=505.89pt
* \textheight=627.30263pt
* \oddsidemargin=-18.06749pt
* \evensidemargin=-18.06749pt
* \topmargin=-13.87262pt
* \headheight=12.0pt
* \headsep=25.0pt
* \topskip=11.0pt
* \footskip=30.0pt
* \marginparwidth=59.0pt
* \marginparsep=10.0pt
* \columnsep=10.0pt
* \skip\footins=10.0pt plus 4.0pt minus 2.0pt
* \hoffset=0.0pt
* \voffset=0.0pt
* \mag=1000
* \@twocolumnfalse
* \@twosidefalse
* \@mparswitchfalse
* \@reversemarginfalse
* (1in=72.27pt=25.4mm, 1cm=28.453pt)

Package lastpage Info: Please have a look at the pageslts package at
(lastpage)             https://www.ctan.org/pkg/pageslts
(lastpage)             ! on input line 119.
Package caption Info: Begin \AtBeginDocument code.
Package caption Info: Incompatible package detected (regarding \@caption).
(caption)             \@caption = \long macro:#1[#2]#3->\TR@gettitle {#2}\TR@ol
d@caption {#1}[{#2}]{#3}.

Package caption Warning: \caption will not be redefined since it's already
(caption)                redefined by a document class or package which is
(caption)                unknown to the caption package.
See the caption package documentation for explanation.

Package caption Info: float package is loaded.
Package caption Info: listings package is loaded.
Package caption Info: End \AtBeginDocument code.
(/usr/local/texlive/2018/texmf-dist/tex/context/base/mkii/supp-pdf.mkii
[Loading MPS to PDF converter (version 2006.09.02).]
\scratchcounter=\count294
\scratchdimen=\dimen190
\scratchbox=\box56
\nofMPsegments=\count295
\nofMParguments=\count296
\everyMPshowfont=\toks30
\MPscratchCnt=\count297
\MPscratchDim=\dimen191
\MPnumerator=\count298
\makeMPintoPDFobject=\count299
\everyMPtoPDFconversion=\toks31
) (/usr/local/texlive/2018/texmf-dist/tex/latex/oberdiek/epstopdf-base.sty
Package: epstopdf-base 2016/05/15 v2.6 Base part for package epstopdf

(/usr/local/texlive/2018/texmf-dist/tex/latex/oberdiek/grfext.sty
Package: grfext 2016/05/16 v1.2 Manage graphics extensions (HO)
)
Package epstopdf-base Info: Redefining graphics rule for `.eps' on input line 4
38.
Package grfext Info: Graphics extension search list:
(grfext)             [.pdf,.png,.jpg,.mps,.jpeg,.jbig2,.jb2,.PDF,.PNG,.JPG,.JPE
G,.JBIG2,.JB2,.eps]
(grfext)             \AppendGraphicsExtensions on input line 456.

(/usr/local/texlive/2018/texmf-dist/tex/latex/latexconfig/epstopdf-sys.cfg
File: epstopdf-sys.cfg 2010/07/13 v1.3 Configuration of (r)epstopdf for TeX Liv
e
))
\AtBeginShipoutBox=\box57
\c@lstlisting=\count300
<Logo2_Medium.png, id=1, 481.8pt x 271.0125pt>
File: Logo2_Medium.png Graphic file (type png)
<use Logo2_Medium.png>
Package pdftex.def Info: Logo2_Medium.png  used on input line 138.
(pdftex.def)             Requested size: 216.81pt x 121.95448pt.
LaTeX Font Info:    Try loading font information for U+stmry on input line 140.


(/usr/local/texlive/2018/texmf-dist/tex/latex/stmaryrd/Ustmry.fd)
LaTeX Font Info:    Try loading font information for U+msa on input line 140.

(/usr/local/texlive/2018/texmf-dist/tex/latex/amsfonts/umsa.fd
File: umsa.fd 2013/01/14 v3.01 AMS symbols A
)
LaTeX Font Info:    Try loading font information for U+msb on input line 140.

(/usr/local/texlive/2018/texmf-dist/tex/latex/amsfonts/umsb.fd
File: umsb.fd 2013/01/14 v3.01 AMS symbols B
) [1

{/usr/local/texlive/2018/texmf-var/fonts/map/pdftex/updmap/pdftex.map} <./Logo2
_Medium.png>] (./DiffusionSolver.toc

LaTeX Font Warning: Font shape `U/stmry/b/n' undefined
(Font)              using `U/stmry/m/n' instead on input line 19.

[1])
\tf@toc=\write4
\openout4 = `DiffusionSolver.toc'.



Package Fancyhdr Warning: \headheight is too small (12.0pt): 
 Make it at least 13.59999pt.
 We now make it that large for the rest of the document.
 This may cause the page layout to be inconsistent, however.

[2]

Package Fancyhdr Warning: \headheight is too small (12.0pt): 
 Make it at least 13.59999pt.
 We now make it that large for the rest of the document.
 This may cause the page layout to be inconsistent, however.

[3]
Underfull \hbox (badness 10000) in paragraph at lines 232--238

 []


Package Fancyhdr Warning: \headheight is too small (12.0pt): 
 Make it at least 13.59999pt.
 We now make it that large for the rest of the document.
 This may cause the page layout to be inconsistent, however.

[4]
Package epstopdf Info: Source file: <Figures/OrthogonalGridFV.eps>
(epstopdf)                    date: 2020-07-09 15:08:17
(epstopdf)                    size: 225806 bytes
(epstopdf)             Output file: <Figures/OrthogonalGridFV-eps-converted-to.
pdf>
(epstopdf)                    date: 2020-07-09 15:09:13
(epstopdf)                    size: 7430 bytes
(epstopdf)             Command: <repstopdf --outfile=Figures/OrthogonalGridFV-e
ps-converted-to.pdf Figures/OrthogonalGridFV.eps>
(epstopdf)             \includegraphics on input line 246.
Package epstopdf Info: Output file is already uptodate.
<Figures/OrthogonalGridFV-eps-converted-to.pdf, id=31, 150.5625pt x 100.375pt>
File: Figures/OrthogonalGridFV-eps-converted-to.pdf Graphic file (type pdf)
<use Figures/OrthogonalGridFV-eps-converted-to.pdf>
Package pdftex.def Info: Figures/OrthogonalGridFV-eps-converted-to.pdf  used on
 input line 246.
(pdftex.def)             Requested size: 151.76854pt x 101.188pt.


Package Fancyhdr Warning: \headheight is too small (12.0pt): 
 Make it at least 13.59999pt.
 We now make it that large for the rest of the document.
 This may cause the page layout to be inconsistent, however.

[5 <./Figures/OrthogonalGridFV-eps-converted-to.pdf>]

Package Fancyhdr Warning: \headheight is too small (12.0pt): 
 Make it at least 13.59999pt.
 We now make it that large for the rest of the document.
 This may cause the page layout to be inconsistent, however.

[6]
Package epstopdf Info: Source file: <Figures/FaceAverages.eps>
(epstopdf)                    date: 2020-07-08 11:00:21
(epstopdf)                    size: 307909 bytes
(epstopdf)             Output file: <Figures/FaceAverages-eps-converted-to.pdf>

(epstopdf)                    date: 2020-07-08 11:00:26
(epstopdf)                    size: 9285 bytes
(epstopdf)             Command: <repstopdf --outfile=Figures/FaceAverages-eps-c
onverted-to.pdf Figures/FaceAverages.eps>
(epstopdf)             \includegraphics on input line 313.
Package epstopdf Info: Output file is already uptodate.
<Figures/FaceAverages-eps-converted-to.pdf, id=57, 241.90375pt x 195.73125pt>
File: Figures/FaceAverages-eps-converted-to.pdf Graphic file (type pdf)
<use Figures/FaceAverages-eps-converted-to.pdf>
Package pdftex.def Info: Figures/FaceAverages-eps-converted-to.pdf  used on inp
ut line 313.
(pdftex.def)             Requested size: 252.94499pt x 204.67267pt.


Package Fancyhdr Warning: \headheight is too small (12.0pt): 
 Make it at least 13.59999pt.
 We now make it that large for the rest of the document.
 This may cause the page layout to be inconsistent, however.

[7 <./Figures/FaceAverages-eps-converted-to.pdf>]
Package epstopdf Info: Source file: <Figures/FaceAveragesSkewed.eps>
(epstopdf)                    date: 2020-05-27 21:31:44
(epstopdf)                    size: 403174 bytes
(epstopdf)             Output file: <Figures/FaceAveragesSkewed-eps-converted-t
o.pdf>
(epstopdf)                    date: 2020-07-08 11:02:53
(epstopdf)                    size: 12023 bytes
(epstopdf)             Command: <repstopdf --outfile=Figures/FaceAveragesSkewed
-eps-converted-to.pdf Figures/FaceAveragesSkewed.eps>
(epstopdf)             \includegraphics on input line 381.
Package epstopdf Info: Output file is already uptodate.
<Figures/FaceAveragesSkewed-eps-converted-to.pdf, id=75, 365.365pt x 173.64874p
t>
File: Figures/FaceAveragesSkewed-eps-converted-to.pdf Graphic file (type pdf)
<use Figures/FaceAveragesSkewed-eps-converted-to.pdf>
Package pdftex.def Info: Figures/FaceAveragesSkewed-eps-converted-to.pdf  used 
on input line 381.
(pdftex.def)             Requested size: 404.71353pt x 192.36023pt.

Underfull \hbox (badness 10000) in paragraph at lines 386--390

 []


Package Fancyhdr Warning: \headheight is too small (12.0pt): 
 Make it at least 13.59999pt.
 We now make it that large for the rest of the document.
 This may cause the page layout to be inconsistent, however.

[8 <./Figures/FaceAveragesSkewed-eps-converted-to.pdf>]

LaTeX Warning: Reference `eq:linear_interpolation' on page 9 undefined on input
 line 449.


Package Fancyhdr Warning: \headheight is too small (12.0pt): 
 Make it at least 13.59999pt.
 We now make it that large for the rest of the document.
 This may cause the page layout to be inconsistent, however.

[9]
Underfull \hbox (badness 10000) in paragraph at lines 489--494

 []


Overfull \hbox (12.15666pt too wide) detected at line 510
[][]
 []


Overfull \hbox (3.4476pt too wide) detected at line 529
[][]
 []


Package Fancyhdr Warning: \headheight is too small (12.0pt): 
 Make it at least 13.59999pt.
 We now make it that large for the rest of the document.
 This may cause the page layout to be inconsistent, however.

[10]

Package Fancyhdr Warning: \headheight is too small (12.0pt): 
 Make it at least 13.59999pt.
 We now make it that large for the rest of the document.
 This may cause the page layout to be inconsistent, however.

[11]

Package Fancyhdr Warning: \headheight is too small (12.0pt): 
 Make it at least 13.59999pt.
 We now make it that large for the rest of the document.
 This may cause the page layout to be inconsistent, however.

[12]
LaTeX Font Info:    Font shape `OT1/cmtt/bx/n' in size <10> not available
(Font)              Font shape `OT1/cmtt/m/n' tried instead on input line 627.
LaTeX Font Info:    Try loading font information for OML+cmr on input line 630.

 (/usr/local/texlive/2018/texmf-dist/tex/latex/base/omlcmr.fd
File: omlcmr.fd 2014/09/29 v2.5h Standard LaTeX font definitions
)
LaTeX Font Info:    Font shape `OML/cmr/m/n' in size <10> not available
(Font)              Font shape `OML/cmm/m/it' tried instead on input line 630.
Package epstopdf Info: Source file: <Figures/DiscretizationBaseBlockFV.eps>
(epstopdf)                    date: 2020-07-08 13:21:15
(epstopdf)                    size: 353620 bytes
(epstopdf)             Output file: <Figures/DiscretizationBaseBlockFV-eps-conv
erted-to.pdf>
(epstopdf)                    date: 2020-07-08 13:25:32
(epstopdf)                    size: 9518 bytes
(epstopdf)             Command: <repstopdf --outfile=Figures/DiscretizationBase
BlockFV-eps-converted-to.pdf Figures/DiscretizationBaseBlockFV.eps>
(epstopdf)             \includegraphics on input line 641.
Package epstopdf Info: Output file is already uptodate.
<Figures/DiscretizationBaseBlockFV-eps-converted-to.pdf, id=113, 450.68375pt x 
145.54375pt>
File: Figures/DiscretizationBaseBlockFV-eps-converted-to.pdf Graphic file (type
 pdf)
<use Figures/DiscretizationBaseBlockFV-eps-converted-to.pdf>
Package pdftex.def Info: Figures/DiscretizationBaseBlockFV-eps-converted-to.pdf
  used on input line 641.
(pdftex.def)             Requested size: 455.2979pt x 147.04242pt.
Package epstopdf Info: Source file: <Figures/DiscretizationComponentBlockFV.eps
>
(epstopdf)                    date: 2020-07-08 13:40:22
(epstopdf)                    size: 556893 bytes
(epstopdf)             Output file: <Figures/DiscretizationComponentBlockFV-eps
-converted-to.pdf>
(epstopdf)                    date: 2020-07-08 13:48:37
(epstopdf)                    size: 17661 bytes
(epstopdf)             Command: <repstopdf --outfile=Figures/DiscretizationComp
onentBlockFV-eps-converted-to.pdf Figures/DiscretizationComponentBlockFV.eps>
(epstopdf)             \includegraphics on input line 651.
Package epstopdf Info: Output file is already uptodate.
<Figures/DiscretizationComponentBlockFV-eps-converted-to.pdf, id=114, 467.7475p
t x 297.11pt>
File: Figures/DiscretizationComponentBlockFV-eps-converted-to.pdf Graphic file 
(type pdf)
<use Figures/DiscretizationComponentBlockFV-eps-converted-to.pdf>
Package pdftex.def Info: Figures/DiscretizationComponentBlockFV-eps-converted-t
o.pdf  used on input line 651.
(pdftex.def)             Requested size: 505.89pt x 321.35457pt.


Package Fancyhdr Warning: \headheight is too small (12.0pt): 
 Make it at least 13.59999pt.
 We now make it that large for the rest of the document.
 This may cause the page layout to be inconsistent, however.

[13 <./Figures/DiscretizationBaseBlockFV-eps-converted-to.pdf>]

Package Fancyhdr Warning: \headheight is too small (12.0pt): 
 Make it at least 13.59999pt.
 We now make it that large for the rest of the document.
 This may cause the page layout to be inconsistent, however.

[14 <./Figures/DiscretizationComponentBlockFV-eps-converted-to.pdf>]

Package Fancyhdr Warning: \headheight is too small (12.0pt): 
 Make it at least 13.59999pt.
 We now make it that large for the rest of the document.
 This may cause the page layout to be inconsistent, however.

[15]
Underfull \hbox (badness 10000) in paragraph at lines 766--772

 []


Package Fancyhdr Warning: \headheight is too small (12.0pt): 
 Make it at least 13.59999pt.
 We now make it that large for the rest of the document.
 This may cause the page layout to be inconsistent, however.

[16]

Package Fancyhdr Warning: \headheight is too small (12.0pt): 
 Make it at least 13.59999pt.
 We now make it that large for the rest of the document.
 This may cause the page layout to be inconsistent, however.

[17]
Underfull \hbox (badness 10000) in paragraph at lines 929--934

 []


Underfull \hbox (badness 10000) in paragraph at lines 951--957

 []


Package Fancyhdr Warning: \headheight is too small (12.0pt): 
 Make it at least 13.59999pt.
 We now make it that large for the rest of the document.
 This may cause the page layout to be inconsistent, however.

[18]
Underfull \hbox (badness 10000) in paragraph at lines 980--984

 []


Package Fancyhdr Warning: \headheight is too small (12.0pt): 
 Make it at least 13.59999pt.
 We now make it that large for the rest of the document.
 This may cause the page layout to be inconsistent, however.

[19]
Package epstopdf Info: Source file: <Figures/DiscretizationBaseBlockCFEM.eps>
(epstopdf)                    date: 2020-07-10 15:58:57
(epstopdf)                    size: 283530 bytes
(epstopdf)             Output file: <Figures/DiscretizationBaseBlockCFEM-eps-co
nverted-to.pdf>
(epstopdf)                    date: 2020-07-10 15:58:59
(epstopdf)                    size: 7425 bytes
(epstopdf)             Command: <repstopdf --outfile=Figures/DiscretizationBase
BlockCFEM-eps-converted-to.pdf Figures/DiscretizationBaseBlockCFEM.eps>
(epstopdf)             \includegraphics on input line 1001.
Package epstopdf Info: Output file is already uptodate.
<Figures/DiscretizationBaseBlockCFEM-eps-converted-to.pdf, id=179, 249.93375pt 
x 163.61125pt>
File: Figures/DiscretizationBaseBlockCFEM-eps-converted-to.pdf Graphic file (ty
pe pdf)
<use Figures/DiscretizationBaseBlockCFEM-eps-converted-to.pdf>
Package pdftex.def Info: Figures/DiscretizationBaseBlockCFEM-eps-converted-to.p
df  used on input line 1001.
(pdftex.def)             Requested size: 252.94499pt x 165.58806pt.

Underfull \hbox (badness 10000) in paragraph at lines 1005--1011

 []

LaTeX Font Info:    Try loading font information for OMS+cmr on input line 1011
.
(/usr/local/texlive/2018/texmf-dist/tex/latex/base/omscmr.fd
File: omscmr.fd 2014/09/29 v2.5h Standard LaTeX font definitions
)
LaTeX Font Info:    Font shape `OMS/cmr/m/n' in size <10.95> not available
(Font)              Font shape `OMS/cmsy/m/n' tried instead on input line 1011.



Package Fancyhdr Warning: \headheight is too small (12.0pt): 
 Make it at least 13.59999pt.
 We now make it that large for the rest of the document.
 This may cause the page layout to be inconsistent, however.

[20 <./Figures/DiscretizationBaseBlockCFEM-eps-converted-to.pdf>]
Package epstopdf Info: Source file: <Figures/DiscretizationBaseBlockCFEMStages.
eps>
(epstopdf)                    date: 2020-07-10 16:04:30
(epstopdf)                    size: 522179 bytes
(epstopdf)             Output file: <Figures/DiscretizationBaseBlockCFEMStages-
eps-converted-to.pdf>
(epstopdf)                    date: 2020-07-10 16:04:32
(epstopdf)                    size: 12378 bytes
(epstopdf)             Command: <repstopdf --outfile=Figures/DiscretizationBase
BlockCFEMStages-eps-converted-to.pdf Figures/DiscretizationBaseBlockCFEMStages.
eps>
(epstopdf)             \includegraphics on input line 1029.
Package epstopdf Info: Output file is already uptodate.
<Figures/DiscretizationBaseBlockCFEMStages-eps-converted-to.pdf, id=191, 478.78
876pt x 286.06876pt>
File: Figures/DiscretizationBaseBlockCFEMStages-eps-converted-to.pdf Graphic fi
le (type pdf)
<use Figures/DiscretizationBaseBlockCFEMStages-eps-converted-to.pdf>
Package pdftex.def Info: Figures/DiscretizationBaseBlockCFEMStages-eps-converte
d-to.pdf  used on input line 1029.
(pdftex.def)             Requested size: 480.59395pt x 287.15057pt.

Overfull \hbox (36.11055pt too wide) in paragraph at lines 1034--1036
\OT1/cmr/m/n/10.95 After nodal re-order-ing all par-ti-tion lo-ca-tions will ha
ve three pop-u-lated ar-rays, []\OT1/cmtt/m/n/10.95 node[]mapping[] \OT1/cmr/m/
n/10.95 , []\OT1/cmtt/m/n/10.95 locJ[]block[]address[]
 []


Package Fancyhdr Warning: \headheight is too small (12.0pt): 
 Make it at least 13.59999pt.
 We now make it that large for the rest of the document.
 This may cause the page layout to be inconsistent, however.

[21 <./Figures/DiscretizationBaseBlockCFEMStages-eps-converted-to.pdf>]
Package epstopdf Info: Source file: <Figures/DiscretizationComponentBlockCFEM.e
ps>
(epstopdf)                    date: 2020-07-10 16:35:05
(epstopdf)                    size: 567343 bytes
(epstopdf)             Output file: <Figures/DiscretizationComponentBlockCFEM-e
ps-converted-to.pdf>
(epstopdf)                    date: 2020-07-10 16:36:48
(epstopdf)                    size: 18041 bytes
(epstopdf)             Command: <repstopdf --outfile=Figures/DiscretizationComp
onentBlockCFEM-eps-converted-to.pdf Figures/DiscretizationComponentBlockCFEM.ep
s>
(epstopdf)             \includegraphics on input line 1048.
Package epstopdf Info: Output file is already uptodate.
<Figures/DiscretizationComponentBlockCFEM-eps-converted-to.pdf, id=203, 479.792
5pt x 286.06876pt>
File: Figures/DiscretizationComponentBlockCFEM-eps-converted-to.pdf Graphic fil
e (type pdf)
<use Figures/DiscretizationComponentBlockCFEM-eps-converted-to.pdf>
Package pdftex.def Info: Figures/DiscretizationComponentBlockCFEM-eps-converted
-to.pdf  used on input line 1048.
(pdftex.def)             Requested size: 505.89pt x 301.63382pt.


Package Fancyhdr Warning: \headheight is too small (12.0pt): 
 Make it at least 13.59999pt.
 We now make it that large for the rest of the document.
 This may cause the page layout to be inconsistent, however.

[22 <./Figures/DiscretizationComponentBlockCFEM-eps-converted-to.pdf>]
<Figures/Diffusion1a.png, id=226, 462.528pt x 346.896pt>
File: Figures/Diffusion1a.png Graphic file (type png)
<use Figures/Diffusion1a.png>
Package pdftex.def Info: Figures/Diffusion1a.png  used on input line 1091.
(pdftex.def)             Requested size: 404.71353pt x 303.54912pt.


Package Fancyhdr Warning: \headheight is too small (12.0pt): 
 Make it at least 13.59999pt.
 We now make it that large for the rest of the document.
 This may cause the page layout to be inconsistent, however.

[23]
<Figures/Diffusion1b.png, id=230, 462.528pt x 346.896pt>
File: Figures/Diffusion1b.png Graphic file (type png)
<use Figures/Diffusion1b.png>
Package pdftex.def Info: Figures/Diffusion1b.png  used on input line 1119.
(pdftex.def)             Requested size: 404.71353pt x 303.54912pt.


Package Fancyhdr Warning: \headheight is too small (12.0pt): 
 Make it at least 13.59999pt.
 We now make it that large for the rest of the document.
 This may cause the page layout to be inconsistent, however.

[24 <./Figures/Diffusion1a.png>]
<Figures/Diffusion1c.png, id=236, 462.528pt x 346.896pt>
File: Figures/Diffusion1c.png Graphic file (type png)
<use Figures/Diffusion1c.png>
Package pdftex.def Info: Figures/Diffusion1c.png  used on input line 1138.
(pdftex.def)             Requested size: 404.71353pt x 303.54912pt.


Package Fancyhdr Warning: \headheight is too small (12.0pt): 
 Make it at least 13.59999pt.
 We now make it that large for the rest of the document.
 This may cause the page layout to be inconsistent, however.

[25 <./Figures/Diffusion1b.png>]

Package Fancyhdr Warning: \headheight is too small (12.0pt): 
 Make it at least 13.59999pt.
 We now make it that large for the rest of the document.
 This may cause the page layout to be inconsistent, however.

[26 <./Figures/Diffusion1c.png>]
Underfull \hbox (badness 10000) in paragraph at lines 1178--1194

 []


Underfull \hbox (badness 10000) in paragraph at lines 1178--1194

 []


Package Fancyhdr Warning: \headheight is too small (12.0pt): 
 Make it at least 13.59999pt.
 We now make it that large for the rest of the document.
 This may cause the page layout to be inconsistent, however.

[27]
Underfull \hbox (badness 10000) in paragraph at lines 1258--1278

 []


Package Fancyhdr Warning: \headheight is too small (12.0pt): 
 Make it at least 13.59999pt.
 We now make it that large for the rest of the document.
 This may cause the page layout to be inconsistent, however.

[28]
LaTeX Font Info:    Font shape `OMS/cmr/m/n' in size <10> not available
(Font)              Font shape `OMS/cmsy/m/n' tried instead on input line 1281.



Package Fancyhdr Warning: \headheight is too small (12.0pt): 
 Make it at least 13.59999pt.
 We now make it that large for the rest of the document.
 This may cause the page layout to be inconsistent, however.

[29]

Package Fancyhdr Warning: \headheight is too small (12.0pt): 
 Make it at least 13.59999pt.
 We now make it that large for the rest of the document.
 This may cause the page layout to be inconsistent, however.

[30]

Package Fancyhdr Warning: \headheight is too small (12.0pt): 
 Make it at least 13.59999pt.
 We now make it that large for the rest of the document.
 This may cause the page layout to be inconsistent, however.

[31]

Package Fancyhdr Warning: \headheight is too small (12.0pt): 
 Make it at least 13.59999pt.
 We now make it that large for the rest of the document.
 This may cause the page layout to be inconsistent, however.

[32] 
AED: lastpage setting LastPage

Package Fancyhdr Warning: \headheight is too small (12.0pt): 
 Make it at least 13.59999pt.
 We now make it that large for the rest of the document.
 This may cause the page layout to be inconsistent, however.

[33] (./DiffusionSolver.aux)

LaTeX Font Warning: Some font shapes were not available, defaults substituted.


LaTeX Warning: There were undefined references.

 ) 
Here is how much of TeX's memory you used:
 18362 strings out of 492649
 325663 string characters out of 6129622
 448464 words of memory out of 5000000
 21971 multiletter control sequences out of 15000+600000
 545964 words of font info for 82 fonts, out of 8000000 for 9000
 1141 hyphenation exceptions out of 8191
 41i,19n,58p,10425b,1786s stack positions out of 5000i,500n,10000p,200000b,80000s
</usr/local/texlive/2018/texmf-dist/fonts/type1/public/amsfonts/cm/cmbsy10.pf
b></usr/local/texlive/2018/texmf-dist/fonts/type1/public/amsfonts/cm/cmbx10.pfb
></usr/local/texlive/2018/texmf-dist/fonts/type1/public/amsfonts/cm/cmbx12.pfb>
</usr/local/texlive/2018/texmf-dist/fonts/type1/public/amsfonts/cm/cmbx8.pfb></
usr/local/texlive/2018/texmf-dist/fonts/type1/public/amsfonts/cm/cmbx9.pfb></us
r/local/texlive/2018/texmf-dist/fonts/type1/public/amsfonts/cm/cmex10.pfb></usr
/local/texlive/2018/texmf-dist/fonts/type1/public/amsfonts/cm/cmmi10.pfb></usr/
local/texlive/2018/texmf-dist/fonts/type1/public/amsfonts/cm/cmmi6.pfb></usr/lo
cal/texlive/2018/texmf-dist/fonts/type1/public/amsfonts/cm/cmmi7.pfb></usr/loca
l/texlive/2018/texmf-dist/fonts/type1/public/amsfonts/cm/cmmi8.pfb></usr/local/
texlive/2018/texmf-dist/fonts/type1/public/amsfonts/cm/cmmi9.pfb></usr/local/te
xlive/2018/texmf-dist/fonts/type1/public/amsfonts/cm/cmr10.pfb></usr/local/texl
ive/2018/texmf-dist/fonts/type1/public/amsfonts/cm/cmr12.pfb></usr/local/texliv
e/2018/texmf-dist/fonts/type1/public/amsfonts/cm/cmr5.pfb></usr/local/texlive/2
018/texmf-dist/fonts/type1/public/amsfonts/cm/cmr8.pfb></usr/local/texlive/2018
/texmf-dist/fonts/type1/public/amsfonts/cm/cmr9.pfb></usr/local/texlive/2018/te
xmf-dist/fonts/type1/public/amsfonts/cm/cmsy10.pfb></usr/local/texlive/2018/tex
mf-dist/fonts/type1/public/amsfonts/cm/cmsy6.pfb></usr/local/texlive/2018/texmf
-dist/fonts/type1/public/amsfonts/cm/cmsy7.pfb></usr/local/texlive/2018/texmf-d
ist/fonts/type1/public/amsfonts/cm/cmsy8.pfb></usr/local/texlive/2018/texmf-dis
t/fonts/type1/public/amsfonts/cm/cmsy9.pfb></usr/local/texlive/2018/texmf-dist/
fonts/type1/public/amsfonts/cm/cmti10.pfb></usr/local/texlive/2018/texmf-dist/f
onts/type1/public/amsfonts/cm/cmtt10.pfb></usr/local/texlive/2018/texmf-dist/fo
nts/type1/public/amsfonts/latxfont/line10.pfb></usr/local/texlive/2018/texmf-di
st/fonts/type1/public/amsfonts/symbols/msam10.pfb></usr/local/texlive/2018/texm
f-dist/fonts/type1/public/stmaryrd/stmary10.pfb>
Output written on DiffusionSolver.pdf (34 pages, 437304 bytes).
PDF statistics:
 332 PDF objects out of 1000 (max. 8388607)
 242 compressed objects within 3 object streams
 0 named destinations out of 1000 (max. 500000)
 61 words of extra memory for PDF output out of 10000 (max. 10000000)

